<?xml version="1.0" encoding="UTF-8"?>
<robot generator="Robot 7.3.2 (Python 3.13.0 on darwin)" generated="2025-11-13T19:54:44.902994" rpa="false" schemaversion="5">
<suite id="s1" name="Tests" source="/Users/mepasane/Desktop/KOULU/ohjelmistotuontanto/webcounter/webcounter/src/tests">
<suite id="s1-s1" name="Increment" source="/Users/mepasane/Desktop/KOULU/ohjelmistotuontanto/webcounter/webcounter/src/tests/increment.robot">
<kw name="Open And Configure Browser" owner="resource" type="SETUP">
<kw name="Set Selenium Speed" owner="SeleniumLibrary">
<arg>${DELAY}</arg>
<doc>Sets the delay that is waited after each Selenium command.</doc>
<status status="PASS" start="2025-11-13T19:54:45.162810" elapsed="0.000131"/>
</kw>
<kw name="Open Browser" owner="SeleniumLibrary">
<msg time="2025-11-13T19:54:45.163111" level="INFO">Opening browser 'chrome' to base url 'None'.</msg>
<arg>browser=${BROWSER}</arg>
<doc>Opens a new browser instance to the optional ``url``.</doc>
<status status="PASS" start="2025-11-13T19:54:45.163020" elapsed="8.425263"/>
</kw>
<status status="PASS" start="2025-11-13T19:54:45.162495" elapsed="8.426875"/>
</kw>
<test id="s1-s1-t1" name="At start the counter is zero" line="7">
<kw name="Go To" owner="SeleniumLibrary">
<msg time="2025-11-13T19:54:53.595522" level="INFO">Opening url 'http://localhost:5001'</msg>
<arg>${HOME_URL}</arg>
<doc>Navigates the current browser window to the provided ``url``.</doc>
<status status="PASS" start="2025-11-13T19:54:53.594890" elapsed="0.584935"/>
</kw>
<kw name="Title Should Be" owner="SeleniumLibrary">
<msg time="2025-11-13T19:54:54.693539" level="INFO">Page title is 'Laskuri'.</msg>
<arg>Laskuri</arg>
<doc>Verifies that the current page title equals ``title``.</doc>
<status status="PASS" start="2025-11-13T19:54:54.180037" elapsed="0.513728"/>
</kw>
<kw name="Page Should Contain" owner="SeleniumLibrary">
<msg time="2025-11-13T19:54:55.727139" level="INFO">Current page contains text 'nappia painettu 0 kertaa'.</msg>
<arg>nappia painettu 0 kertaa</arg>
<doc>Verifies that current page contains ``text``.</doc>
<status status="PASS" start="2025-11-13T19:54:54.694249" elapsed="1.033239"/>
</kw>
<status status="PASS" start="2025-11-13T19:54:53.590141" elapsed="2.137934"/>
</test>
<test id="s1-s1-t2" name="When button pressed twice the counter is two" line="12">
<kw name="Go To" owner="SeleniumLibrary">
<msg time="2025-11-13T19:54:55.729334" level="INFO">Opening url 'http://localhost:5001'</msg>
<arg>${HOME_URL}</arg>
<doc>Navigates the current browser window to the provided ``url``.</doc>
<status status="PASS" start="2025-11-13T19:54:55.729056" elapsed="0.526032"/>
</kw>
<kw name="Click Button" owner="SeleniumLibrary">
<msg time="2025-11-13T19:54:56.258401" level="INFO">Clicking button 'Paina'.</msg>
<arg>Paina</arg>
<doc>Clicks the button identified by ``locator``.</doc>
<status status="PASS" start="2025-11-13T19:54:56.256329" elapsed="2.143526"/>
</kw>
<kw name="Click Button" owner="SeleniumLibrary">
<msg time="2025-11-13T19:54:58.400728" level="INFO">Clicking button 'Paina'.</msg>
<arg>Paina</arg>
<doc>Clicks the button identified by ``locator``.</doc>
<status status="PASS" start="2025-11-13T19:54:58.400310" elapsed="2.096778"/>
</kw>
<kw name="Page Should Contain" owner="SeleniumLibrary">
<msg time="2025-11-13T19:55:01.524758" level="INFO">Current page contains text 'nappia painettu 2 kertaa'.</msg>
<arg>nappia painettu 2 kertaa</arg>
<doc>Verifies that current page contains ``text``.</doc>
<status status="PASS" start="2025-11-13T19:55:00.497571" elapsed="1.027269"/>
</kw>
<status status="PASS" start="2025-11-13T19:54:55.728487" elapsed="5.796538"/>
</test>
<kw name="Close Browser" owner="SeleniumLibrary" type="TEARDOWN">
<doc>Closes the current browser.</doc>
<status status="PASS" start="2025-11-13T19:55:01.525476" elapsed="0.617779"/>
</kw>
<status status="PASS" start="2025-11-13T19:54:44.932818" elapsed="17.210563"/>
</suite>
<status status="PASS" start="2025-11-13T19:54:44.904231" elapsed="17.240016"/>
</suite>
<statistics>
<total>
<stat pass="2" fail="0" skip="0">All Tests</stat>
</total>
<tag>
</tag>
<suite>
<stat name="Tests" id="s1" pass="2" fail="0" skip="0">Tests</stat>
<stat name="Increment" id="s1-s1" pass="2" fail="0" skip="0">Tests.Increment</stat>
</suite>
</statistics>
<errors>
</errors>
</robot>
